Build started 12/3/2014 9:26:26 PM.
     1>Project "C:\Users\USER\Documents\Visual Studio 2013\Projects\Greedy Snake Algorithm\Greedy Snake Algorithm\Greedy Snake Algorithm.vcxproj" on node 2 (Build target(s)).
     1>ClCompile:
         C:\Program Files (x86)\Microsoft Visual Studio 12.0\VC\bin\CL.exe /c /ID:\opencv\build\x86\vc12\..\..\include /ZI /nologo /W3 /WX- /sdl /Od /Oy- /D WIN32 /D _DEBUG /D _CONSOLE /D _LIB /D _UNICODE /D UNICODE /Gm /EHsc /RTC1 /MDd /GS /fp:precise /Zc:wchar_t /Zc:forScope /Fo"Debug\\" /Fd"Debug\vc120.pdb" /Gd /TP /analyze- /errorReport:prompt main.cpp
         main.cpp
     1>d:\opencv\build\include\opencv2\flann\dist.h : warning C4819: The file contains a character that cannot be represented in the current code page (950). Save the file in Unicode format to prevent data loss
     1>d:\opencv\build\include\opencv2\legacy\compat.hpp : warning C4819: The file contains a character that cannot be represented in the current code page (950). Save the file in Unicode format to prevent data loss
     1>c:\users\user\documents\visual studio 2013\projects\greedy snake algorithm\greedy snake algorithm\main.cpp(251): warning C4244: 'initializing' : conversion from 'double' to 'int', possible loss of data
     1>c:\users\user\documents\visual studio 2013\projects\greedy snake algorithm\greedy snake algorithm\main.cpp(373): warning C4018: '<' : signed/unsigned mismatch
     1>c:\users\user\documents\visual studio 2013\projects\greedy snake algorithm\greedy snake algorithm\main.cpp(390): warning C4018: '<' : signed/unsigned mismatch
     1>c:\users\user\documents\visual studio 2013\projects\greedy snake algorithm\greedy snake algorithm\main.cpp(402): warning C4018: '<' : signed/unsigned mismatch
     1>c:\users\user\documents\visual studio 2013\projects\greedy snake algorithm\greedy snake algorithm\main.cpp(432): warning C4018: '<' : signed/unsigned mismatch
     1>c:\users\user\documents\visual studio 2013\projects\greedy snake algorithm\greedy snake algorithm\main.cpp(500): warning C4018: '<' : signed/unsigned mismatch
     1>c:\users\user\documents\visual studio 2013\projects\greedy snake algorithm\greedy snake algorithm\main.cpp(502): warning C4244: 'initializing' : conversion from 'double' to 'int', possible loss of data
     1>c:\users\user\documents\visual studio 2013\projects\greedy snake algorithm\greedy snake algorithm\main.cpp(537): warning C4018: '<' : signed/unsigned mismatch
     1>c:\users\user\documents\visual studio 2013\projects\greedy snake algorithm\greedy snake algorithm\main.cpp(539): warning C4244: 'initializing' : conversion from 'double' to 'int', possible loss of data
     1>c:\users\user\documents\visual studio 2013\projects\greedy snake algorithm\greedy snake algorithm\main.cpp(578): warning C4018: '<' : signed/unsigned mismatch
     1>c:\users\user\documents\visual studio 2013\projects\greedy snake algorithm\greedy snake algorithm\main.cpp(580): warning C4244: 'initializing' : conversion from 'double' to 'int', possible loss of data
       Link:
         C:\Program Files (x86)\Microsoft Visual Studio 12.0\VC\bin\link.exe /ERRORREPORT:PROMPT /OUT:"C:\Users\USER\Documents\Visual Studio 2013\Projects\Greedy Snake Algorithm\Debug\Greedy Snake Algorithm.exe" /INCREMENTAL /NOLOGO /LIBPATH:D:\opencv\build\x86\vc12\lib kernel32.lib user32.lib gdi32.lib winspool.lib comdlg32.lib advapi32.lib shell32.lib ole32.lib oleaut32.lib uuid.lib odbc32.lib odbccp32.lib opencv_features2d2410d.lib opencv_flann2410d.lib opencv_gpu2410d.lib opencv_highgui2410d.lib opencv_imgproc2410d.lib opencv_legacy2410d.lib opencv_ml2410d.lib opencv_nonfree2410d.lib opencv_objdetect2410d.lib opencv_ocl2410d.lib opencv_photo2410d.lib opencv_stitching2410d.lib opencv_superres2410d.lib opencv_ts2410d.lib opencv_video2410d.lib opencv_videostab2410d.lib opencv_calib3d2410d.lib opencv_contrib2410d.lib opencv_core2410d.lib kernel32.lib user32.lib gdi32.lib winspool.lib comdlg32.lib advapi32.lib shell32.lib ole32.lib oleaut32.lib uuid.lib odbc32.lib odbccp32.lib /MANIFEST /MANIFESTUAC:"level='asInvoker' uiAccess='false'" /manifest:embed /DEBUG /PDB:"C:\Users\USER\Documents\Visual Studio 2013\Projects\Greedy Snake Algorithm\Debug\Greedy Snake Algorithm.pdb" /SUBSYSTEM:CONSOLE /TLBID:1 /DYNAMICBASE /NXCOMPAT /IMPLIB:"C:\Users\USER\Documents\Visual Studio 2013\Projects\Greedy Snake Algorithm\Debug\Greedy Snake Algorithm.lib" /MACHINE:X86 Debug\main.obj
         Greedy Snake Algorithm.vcxproj -> C:\Users\USER\Documents\Visual Studio 2013\Projects\Greedy Snake Algorithm\Debug\Greedy Snake Algorithm.exe
     1>Done Building Project "C:\Users\USER\Documents\Visual Studio 2013\Projects\Greedy Snake Algorithm\Greedy Snake Algorithm\Greedy Snake Algorithm.vcxproj" (Build target(s)).

Build succeeded.

Time Elapsed 00:00:05.26
